<?xml version="1.0" encoding="utf-8"?>
<shfbBuild product="Sandcastle Help File Builder and Tools" version="2022.12.30.0" projectFile="C:\Users\AnJaN\Desktop\class\ASE\documentation\finalAssignmentDoc.shfbproj" started="1/15/2023 10:41:10 AM">
<buildStep step="Initializing">
The Sandcastle tools are located in &#39;C:\Program Files (x86)\EWSoftware\Sandcastle Help File Builder&#39;
Locating components in the following folder(s):
    C:\Users\AnJaN\Desktop\class\ASE\documentation
    C:\ProgramData\EWSoftware\Sandcastle Help File Builder\Components and Plug-Ins
    C:\Program Files (x86)\EWSoftware\Sandcastle Help File Builder\Components
Using framework reflection data for &#39;.NET Framework 4.7.2&#39; located in &#39;C:\Program Files (x86)\EWSoftware\Sandcastle Help File Builder\Data\.NETFramework&#39;
Using presentation style &#39;Default2022&#39; located in &#39;C:\Program Files (x86)\EWSoftware\Sandcastle Help File Builder\Components\Default2022&#39;
Loading and initializing plug-ins...
Website Table of Contents Generator Version 2022.12.30.0
Copyright &#169; 2006-2022, Eric Woodruff, All Rights Reserved
-------------------------------
Clearing any prior web/markdown output...
</buildStep>
<buildStep step="ValidatingDocumentationSources">
Validating and copying documentation source information
Source: C:\Users\AnJaN\source\repos\Component1Assignment\bin\Debug\Component1Assignment.exe
    Found assembly &#39;C:\Users\AnJaN\source\repos\Component1Assignment\bin\Debug\Component1Assignment.exe&#39;
Source: C:\Users\AnJaN\source\repos\Component1Assignment\bin\Debug\Component1Assignment.xml

Copying XML comments files
    C:\Users\AnJaN\source\repos\Component1Assignment\bin\Debug\Component1Assignment.xml -&gt; C:\Users\AnJaN\Desktop\77261145_ASE FinalAssignment\new web documentation\Working\Component1Assignment.xml
</buildStep>
<buildStep step="GenerateSharedContent">
Generating shared content files (en-US, English (United States))...
    Last step completed in 00:00:00.0070
</buildStep>
<buildStep step="GenerateApiFilter">
Generating API filter for MRefBuilder...
    Last step completed in 00:00:00.0174
</buildStep>
<buildStep step="GenerateReflectionInfo">
Generating reflection information...
[C:\Program Files\Microsoft Visual Studio\2022\Community\MSBuild\Current\Bin\amd64\MSBuild.exe - GenerateRefInfo-324b701d-ef1e-4d6e-bbad-689be840cd40.proj]
Build started 1/15/2023 10:41:10 AM.
Project &quot;C:\Users\AnJaN\Desktop\77261145_ASE FinalAssignment\new web documentation\Working\GenerateRefInfo-324b701d-ef1e-4d6e-bbad-689be840cd40.proj&quot; on node 1 (default targets).
PrepareForBuild:
  Creating directory &quot;obj\Debug\&quot;.
GenerateBindingRedirects:
  No suggested binding redirects from ResolveAssemblyReferences.
GenerateRefInfo:
  Microsoft.Build (v17.3.1+2badb37d109910fbd3155cf8743224b7a27494d8)
  c Microsoft Corporation. All rights reserved.
  No source code context base path specified.  Source context information is unavailable.
  Loaded 1 assemblies for reflection and 1 dependency assemblies.
  Wrote information on 1 namespaces, 20 types, and 195 members
  Merging duplicate type and member information
  Merged 0 duplicate type(s) and 0 duplicate member(s)
Done Building Project &quot;C:\Users\AnJaN\Desktop\77261145_ASE FinalAssignment\new web documentation\Working\GenerateRefInfo-324b701d-ef1e-4d6e-bbad-689be840cd40.proj&quot; (default targets).
    Last step completed in 00:00:00.9255
</buildStep>
<buildStep step="ApplyDocumentModel">
Applying document model to reflection output...
    Last step completed in 00:00:00.0648
</buildStep>
<buildStep step="AddApiTopicFilenames">
Adding topic filenames to API members...
    Last step completed in 00:00:00.0369
</buildStep>
<buildStep step="GenerateApiTopicManifest">
Generating API topic manifest...
    Last step completed in 00:00:00.0269
</buildStep>
<buildStep step="GenerateNamespaceSummaries">
Generating namespace summary information...
    Last step completed in 00:00:00.0269
</buildStep>
<buildStep step="CopyAdditionalContent">
Copying additional content files...
No additional content to copy
    Last step completed in 00:00:00.0030
</buildStep>
<buildStep step="MergeTablesOfContents">
Merging conceptual and additional tables of contents...
    Last step completed in 00:00:00.0000
</buildStep>
<buildStep step="GenerateIntermediateTableOfContents">
Generating intermediate table of contents file for API content...
Generating conceptual content intermediate TOC file...
    Last step completed in 00:00:00.0289
</buildStep>
<buildStep step="CreateBuildAssemblerConfigs">
Creating Sandcastle configuration files...
    Last step completed in 00:00:00.1935
</buildStep>
<buildStep step="CombiningIntermediateTocFiles">
Combining conceptual and API intermediate TOC files...
    Last step completed in 00:00:00.0104
</buildStep>
<buildStep step="MergeCustomConfigs">
Merging custom build component configurations
C:\Users\AnJaN\Desktop\77261145_ASE FinalAssignment\new web documentation\Working\BuildAssembler.config
  Updating reference topic configurations.
  No conceptual content.  Removing conceptual content components.
    Last step completed in 00:00:00.0180
</buildStep>
<buildStep step="BuildTopics">
Building help topics...
<plugIn name="Website Table of Contents Generator" behavior="Before" priority="1000">
Loading TOC info and adding unique IDs to parent nodes
</plugIn>Loading configuration...
Processing topics...
SHFB: Warning BE0066: ShowMissingComponent: [M:Component1Assignment.AbstractCollection.CreateIterator] Missing &lt;summary&gt; documentation
SHFB: Warning BE0066: ShowMissingComponent: [M:Component1Assignment.AbstractCollection.CreateIterator] Missing &lt;returns&gt; documentation
SHFB: Warning BE0066: ShowMissingComponent: [M:Component1Assignment.AbstractIterator.First] Missing &lt;summary&gt; documentation
SHFB: Warning BE0066: ShowMissingComponent: [M:Component1Assignment.AbstractIterator.First] Missing &lt;returns&gt; documentation
SHFB: Warning BE0066: ShowMissingComponent: [P:Component1Assignment.AbstractIterator.IsCompleted] Missing &lt;summary&gt; documentation
SHFB: Warning BE0066: ShowMissingComponent: [M:Component1Assignment.AbstractIterator.Next] Missing &lt;summary&gt; documentation
SHFB: Warning BE0066: ShowMissingComponent: [M:Component1Assignment.AbstractIterator.Next] Missing &lt;returns&gt; documentation
SHFB: Warning BE0066: ShowMissingComponent: [M:Component1Assignment.Circle.#ctor(Component1Assignment.DrawingCanvas,System.Int32)] Missing &lt;param name=&quot;_canvas&quot;/&gt; documentation
SHFB: Warning BE0066: ShowMissingComponent: [M:Component1Assignment.Circle.#ctor(Component1Assignment.DrawingCanvas,System.Int32)] Missing &lt;param name=&quot;radius&quot;/&gt; documentation
SHFB: Warning BE0066: ShowMissingComponent: [M:Component1Assignment.Circle.draw(System.Drawing.Graphics)] Missing &lt;param name=&quot;g&quot;/&gt; documentation
SHFB: Warning BE0066: ShowMissingComponent: [F:Component1Assignment.Circle.radius] Missing &lt;summary&gt; documentation
SHFB: Warning BE0066: ShowMissingComponent: [M:Component1Assignment.Circle.set(Component1Assignment.DrawingCanvas,System.Int32[])] Missing &lt;param name=&quot;_canvas&quot;/&gt; documentation
SHFB: Warning BE0066: ShowMissingComponent: [M:Component1Assignment.Circle.set(Component1Assignment.DrawingCanvas,System.Int32[])] Missing &lt;param name=&quot;list&quot;/&gt; documentation
SHFB: Warning BE0066: ShowMissingComponent: [M:Component1Assignment.Circle.ToString] Missing &lt;summary&gt; documentation
SHFB: Warning BE0066: ShowMissingComponent: [M:Component1Assignment.Circle.ToString] Missing &lt;returns&gt; documentation
SHFB: Warning BE0066: ShowMissingComponent: [F:Component1Assignment.CommandParser._canvas] Missing &lt;summary&gt; documentation
SHFB: Warning BE0066: ShowMissingComponent: [F:Component1Assignment.CommandParser._form] Missing &lt;summary&gt; documentation
SHFB: Warning BE0066: ShowMissingComponent: [F:Component1Assignment.CommandParser.assignmentPair] Missing &lt;summary&gt; documentation
SHFB: Warning BE0066: ShowMissingComponent: [M:Component1Assignment.CommandParser.assignVariable(System.String,System.String)] Missing &lt;param name=&quot;key&quot;/&gt; documentation
SHFB: Warning BE0066: ShowMissingComponent: [M:Component1Assignment.CommandParser.assignVariable(System.String,System.String)] Missing &lt;param name=&quot;value&quot;/&gt; documentation
SHFB: Warning BE0066: ShowMissingComponent: [M:Component1Assignment.CommandParser.checkAssignmentErrors(System.String[],System.Int32)] Missing &lt;returns&gt; documentation
SHFB: Warning BE0066: ShowMissingComponent: [M:Component1Assignment.CommandParser.checkAssignmentErrors(System.String[],System.Int32)] Missing &lt;param name=&quot;splitLineByAssignment&quot;/&gt; documentation
SHFB: Warning BE0066: ShowMissingComponent: [M:Component1Assignment.CommandParser.checkAssignmentErrors(System.String[],System.Int32)] Missing &lt;param name=&quot;lineIteration&quot;/&gt; documentation
SHFB: Warning BE0066: ShowMissingComponent: [M:Component1Assignment.CommandParser.checkCommandAndItsParameters(System.String[],System.Int32)] Missing &lt;param name=&quot;line&quot;/&gt; documentation
SHFB: Warning BE0066: ShowMissingComponent: [M:Component1Assignment.CommandParser.checkCommandAndItsParameters(System.String[],System.Int32)] Missing &lt;param name=&quot;lineNumber&quot;/&gt; documentation
SHFB: Warning BE0066: ShowMissingComponent: [M:Component1Assignment.CommandParser.checkCommandLineSyntax(System.String)] Missing &lt;param name=&quot;commandLineText&quot;/&gt; documentation
SHFB: Warning BE0066: ShowMissingComponent: [M:Component1Assignment.CommandParser.checkCommandsSyntax(System.String)] Missing &lt;param name=&quot;commands&quot;/&gt; documentation
SHFB: Warning BE0066: ShowMissingComponent: [M:Component1Assignment.CommandParser.checkConditionalErrors(System.String,System.Int32)] Missing &lt;returns&gt; documentation
SHFB: Warning BE0066: ShowMissingComponent: [M:Component1Assignment.CommandParser.checkConditionalErrors(System.String,System.Int32)] Missing &lt;param name=&quot;line&quot;/&gt; documentation
SHFB: Warning BE0066: ShowMissingComponent: [M:Component1Assignment.CommandParser.checkConditionalErrors(System.String,System.Int32)] Missing &lt;param name=&quot;lineIteration&quot;/&gt; documentation
SHFB: Warning BE0066: ShowMissingComponent: [M:Component1Assignment.CommandParser.checkLoopErrors(System.String,System.Int32)] Missing &lt;returns&gt; documentation
SHFB: Warning BE0066: ShowMissingComponent: [M:Component1Assignment.CommandParser.checkLoopErrors(System.String,System.Int32)] Missing &lt;param name=&quot;line&quot;/&gt; documentation
SHFB: Warning BE0066: ShowMissingComponent: [M:Component1Assignment.CommandParser.checkLoopErrors(System.String,System.Int32)] Missing &lt;param name=&quot;lineIteration&quot;/&gt; documentation
SHFB: Warning BE0066: ShowMissingComponent: [F:Component1Assignment.CommandParser.conditionalOperators] Missing &lt;summary&gt; documentation
SHFB: Warning BE0066: ShowMissingComponent: [F:Component1Assignment.CommandParser.customMethodDefination] Missing &lt;summary&gt; documentation
SHFB: Warning BE0066: ShowMissingComponent: [F:Component1Assignment.CommandParser.customMethodParameters] Missing &lt;summary&gt; documentation
SHFB: Warning BE0066: ShowMissingComponent: [M:Component1Assignment.CommandParser.executeCliCommand(System.String,System.String)] Missing &lt;param name=&quot;_cliCommand&quot;/&gt; documentation
SHFB: Warning BE0066: ShowMissingComponent: [M:Component1Assignment.CommandParser.executeCliCommand(System.String,System.String)] Missing &lt;param name=&quot;programCommands&quot;/&gt; documentation
SHFB: Warning BE0066: ShowMissingComponent: [M:Component1Assignment.CommandParser.executeCommands(System.String,System.String,Component1Assignment.DrawingCanvas,Component1Assignment.DrawShapes,Component1Assignment.ConcreteCollection)] Missing &lt;param name=&quot;commandLineText&quot;/&gt; documentation
SHFB: Warning BE0066: ShowMissingComponent: [M:Component1Assignment.CommandParser.executeCommands(System.String,System.String,Component1Assignment.DrawingCanvas,Component1Assignment.DrawShapes,Component1Assignment.ConcreteCollection)] Missing &lt;param name=&quot;commands&quot;/&gt; documentation
SHFB: Warning BE0066: ShowMissingComponent: [M:Component1Assignment.CommandParser.executeCommands(System.String,System.String,Component1Assignment.DrawingCanvas,Component1Assignment.DrawShapes,Component1Assignment.ConcreteCollection)] Missing &lt;param name=&quot;drawingCanvas&quot;/&gt; documentation
SHFB: Warning BE0066: ShowMissingComponent: [M:Component1Assignment.CommandParser.executeCommands(System.String,System.String,Component1Assignment.DrawingCanvas,Component1Assignment.DrawShapes,Component1Assignment.ConcreteCollection)] Missing &lt;param name=&quot;form&quot;/&gt; documentation
SHFB: Warning BE0066: ShowMissingComponent: [M:Component1Assignment.CommandParser.executeCommands(System.String,System.String,Component1Assignment.DrawingCanvas,Component1Assignment.DrawShapes,Component1Assignment.ConcreteCollection)] Missing &lt;param name=&quot;collection&quot;/&gt; documentation
SHFB: Warning BE0066: ShowMissingComponent: [M:Component1Assignment.CommandParser.executeRunFunction(System.String)] Missing &lt;param name=&quot;programcommands&quot;/&gt; documentation
SHFB: Warning BE0066: ShowMissingComponent: [M:Component1Assignment.CommandParser.getValueFromVariable(System.String)] Missing &lt;returns&gt; documentation
SHFB: Warning BE0066: ShowMissingComponent: [M:Component1Assignment.CommandParser.getValueFromVariable(System.String)] Missing &lt;param name=&quot;data&quot;/&gt; documentation
SHFB: Warning BE0066: ShowMissingComponent: [M:Component1Assignment.CommandParser.IdentifyColor(System.String)] Missing &lt;returns&gt; documentation
SHFB: Warning BE0066: ShowMissingComponent: [M:Component1Assignment.CommandParser.IdentifyColor(System.String)] Missing &lt;param name=&quot;_name&quot;/&gt; documentation
SHFB: Warning BE0066: ShowMissingComponent: [M:Component1Assignment.CommandParser.isBoolean(System.String)] Missing &lt;returns&gt; documentation
SHFB: Warning BE0066: ShowMissingComponent: [M:Component1Assignment.CommandParser.isBoolean(System.String)] Missing &lt;param name=&quot;data&quot;/&gt; documentation
SHFB: Warning BE0066: ShowMissingComponent: [M:Component1Assignment.CommandParser.isConditionalStatement(System.String)] Missing &lt;returns&gt; documentation
SHFB: Warning BE0066: ShowMissingComponent: [M:Component1Assignment.CommandParser.isConditionalStatement(System.String)] Missing &lt;param name=&quot;statement&quot;/&gt; documentation
SHFB: Warning BE0066: ShowMissingComponent: [M:Component1Assignment.CommandParser.isConditionTrue(System.String)] Missing &lt;returns&gt; documentation
SHFB: Warning BE0066: ShowMissingComponent: [M:Component1Assignment.CommandParser.isConditionTrue(System.String)] Missing &lt;param name=&quot;statement&quot;/&gt; documentation
SHFB: Warning BE0066: ShowMissingComponent: [M:Component1Assignment.CommandParser.isDefinedMethod(System.String)] Missing &lt;returns&gt; documentation
SHFB: Warning BE0066: ShowMissingComponent: [M:Component1Assignment.CommandParser.isDefinedMethod(System.String)] Missing &lt;param name=&quot;methodName&quot;/&gt; documentation
SHFB: Warning BE0066: ShowMissingComponent: [M:Component1Assignment.CommandParser.isNumber(System.String)] Missing &lt;returns&gt; documentation
SHFB: Warning BE0066: ShowMissingComponent: [M:Component1Assignment.CommandParser.isNumber(System.String)] Missing &lt;param name=&quot;data&quot;/&gt; documentation
SHFB: Warning BE0066: ShowMissingComponent: [F:Component1Assignment.CommandParser.listOfCmdArgsErrors] Missing &lt;summary&gt; documentation
SHFB: Warning BE0066: ShowMissingComponent: [F:Component1Assignment.CommandParser.listOfCommandErrors] Missing &lt;summary&gt; documentation
SHFB: Warning BE0066: ShowMissingComponent: [F:Component1Assignment.CommandParser.listOfErrors] Missing &lt;summary&gt; documentation
SHFB: Warning BE0066: ShowMissingComponent: [F:Component1Assignment.CommandParser.numberOfCommandsAndClosure] Missing &lt;summary&gt; documentation
SHFB: Warning BE0066: ShowMissingComponent: [M:Component1Assignment.CommandParser.performMathematicalOperation(System.Int32,System.Int32,System.Char)] Missing &lt;param name=&quot;num1&quot;/&gt; documentation
SHFB: Warning BE0066: ShowMissingComponent: [M:Component1Assignment.CommandParser.performMathematicalOperation(System.Int32,System.Int32,System.Char)] Missing &lt;param name=&quot;num2&quot;/&gt; documentation
SHFB: Warning BE0066: ShowMissingComponent: [M:Component1Assignment.CommandParser.performMathematicalOperation(System.Int32,System.Int32,System.Char)] Missing &lt;param name=&quot;mathOperator&quot;/&gt; documentation
SHFB: Warning BE0066: ShowMissingComponent: [F:Component1Assignment.CommandParser.preservedWhileCommands] Missing &lt;summary&gt; documentation
SHFB: Warning BE0066: ShowMissingComponent: [F:Component1Assignment.CommandParser.preservedWhileCondition] Missing &lt;summary&gt; documentation
SHFB: Warning BE0066: ShowMissingComponent: [M:Component1Assignment.CommandParser.returnValueIfIsVariable(System.String)] Missing &lt;returns&gt; documentation
SHFB: Warning BE0066: ShowMissingComponent: [M:Component1Assignment.CommandParser.returnValueIfIsVariable(System.String)] Missing &lt;param name=&quot;data&quot;/&gt; documentation
SHFB: Warning BE0066: ShowMissingComponent: [F:Component1Assignment.CommandParser.runningMethod] Missing &lt;summary&gt; documentation
SHFB: Warning BE0066: ShowMissingComponent: [F:Component1Assignment.CommandParser.savedMethodDefination] Missing &lt;summary&gt; documentation
SHFB: Warning BE0066: ShowMissingComponent: [F:Component1Assignment.CommandParser.shapeCollection] Missing &lt;summary&gt; documentation
SHFB: Warning BE0066: ShowMissingComponent: [F:Component1Assignment.CommandParser.skipCommandsForIf] Missing &lt;summary&gt; documentation
SHFB: Warning BE0066: ShowMissingComponent: [F:Component1Assignment.CommandParser.skipCommandsForWhile] Missing &lt;summary&gt; documentation
SHFB: Warning BE0066: ShowMissingComponent: [F:Component1Assignment.CommandParser.skipForMethodExecution] Missing &lt;summary&gt; documentation
SHFB: Warning BE0066: ShowMissingComponent: [F:Component1Assignment.CommandParser.specialCommands] Missing &lt;summary&gt; documentation
SHFB: Warning BE0066: ShowMissingComponent: [M:Component1Assignment.CommandParser.validateVariable(System.String,System.Int32)] Missing &lt;returns&gt; documentation
SHFB: Warning BE0066: ShowMissingComponent: [M:Component1Assignment.CommandParser.validateVariable(System.String,System.Int32)] Missing &lt;param name=&quot;variableName&quot;/&gt; documentation
SHFB: Warning BE0066: ShowMissingComponent: [M:Component1Assignment.CommandParser.validateVariable(System.String,System.Int32)] Missing &lt;param name=&quot;lineNumber&quot;/&gt; documentation
SHFB: Warning BE0066: ShowMissingComponent: [F:Component1Assignment.CommandParser.validColors] Missing &lt;summary&gt; documentation
SHFB: Warning BE0066: ShowMissingComponent: [F:Component1Assignment.CommandParser.validCommandsForCmdArgs] Missing &lt;summary&gt; documentation
SHFB: Warning BE0066: ShowMissingComponent: [F:Component1Assignment.CommandParser.validCommandsForProgram] Missing &lt;summary&gt; documentation
SHFB: Warning BE0066: ShowMissingComponent: [F:Component1Assignment.CommandParser.validFlashColour] Missing &lt;summary&gt; documentation
SHFB: Warning BE0066: ShowMissingComponent: [F:Component1Assignment.CommandParser.validMathematicOperations] Missing &lt;summary&gt; documentation
SHFB: Warning BE0066: ShowMissingComponent: [F:Component1Assignment.CommandParser.validShapes] Missing &lt;summary&gt; documentation
SHFB: Warning BE0066: ShowMissingComponent: [M:Component1Assignment.ConcreteCollection.AddShape(Component1Assignment.Shape)] Missing &lt;param name=&quot;shape&quot;/&gt; documentation
SHFB: Warning BE0066: ShowMissingComponent: [M:Component1Assignment.ConcreteCollection.CreateIterator] Missing &lt;returns&gt; documentation
SHFB: Warning BE0066: ShowMissingComponent: [M:Component1Assignment.ConcreteCollection.GetShape(System.Int32)] Missing &lt;returns&gt; documentation
SHFB: Warning BE0066: ShowMissingComponent: [M:Component1Assignment.ConcreteCollection.GetShape(System.Int32)] Missing &lt;param name=&quot;IndexPosition&quot;/&gt; documentation
SHFB: Warning BE0066: ShowMissingComponent: [F:Component1Assignment.ConcreteCollection.listShapes] Missing &lt;summary&gt; documentation
SHFB: Warning BE0066: ShowMissingComponent: [F:Component1Assignment.DrawingCanvas.drawingPen] Missing &lt;summary&gt; documentation
SHFB: Warning BE0066: ShowMissingComponent: [P:Component1Assignment.DrawingCanvas.DrawingPen] Missing &lt;summary&gt; documentation
SHFB: Warning BE0066: ShowMissingComponent: [F:Component1Assignment.DrawingCanvas.fillColor] Missing &lt;summary&gt; documentation
SHFB: Warning BE0066: ShowMissingComponent: [P:Component1Assignment.DrawingCanvas.FillColor] Missing &lt;summary&gt; documentation
SHFB: Warning BE0066: ShowMissingComponent: [F:Component1Assignment.DrawingCanvas.g] Missing &lt;summary&gt; documentation
SHFB: Warning BE0066: ShowMissingComponent: [F:Component1Assignment.DrawingCanvas.isFillModeOn] Missing &lt;summary&gt; documentation
SHFB: Warning BE0066: ShowMissingComponent: [P:Component1Assignment.DrawingCanvas.IsFillModeOn] Missing &lt;summary&gt; documentation
SHFB: Warning BE0066: ShowMissingComponent: [F:Component1Assignment.DrawingCanvas.penColor] Missing &lt;summary&gt; documentation
SHFB: Warning BE0066: ShowMissingComponent: [P:Component1Assignment.DrawingCanvas.PenColor] Missing &lt;summary&gt; documentation
SHFB: Warning BE0066: ShowMissingComponent: [F:Component1Assignment.DrawingCanvas.penThickness] Missing &lt;summary&gt; documentation
SHFB: Warning BE0066: ShowMissingComponent: [P:Component1Assignment.DrawingCanvas.PenThickness] Missing &lt;summary&gt; documentation
SHFB: Warning BE0066: ShowMissingComponent: [M:Component1Assignment.DrawingCanvas.reInitialiseCursor(System.Int32,System.Int32)] Missing &lt;summary&gt; documentation
SHFB: Warning BE0066: ShowMissingComponent: [M:Component1Assignment.DrawingCanvas.reInitialiseCursor(System.Int32,System.Int32)] Missing &lt;param name=&quot;xFinal&quot;/&gt; documentation
SHFB: Warning BE0066: ShowMissingComponent: [M:Component1Assignment.DrawingCanvas.reInitialiseCursor(System.Int32,System.Int32)] Missing &lt;param name=&quot;yFinal&quot;/&gt; documentation
SHFB: Warning BE0066: ShowMissingComponent: [F:Component1Assignment.DrawingCanvas.xCoordinate] Missing &lt;summary&gt; documentation
SHFB: Warning BE0066: ShowMissingComponent: [P:Component1Assignment.DrawingCanvas.XCoordinate] Missing &lt;summary&gt; documentation
SHFB: Warning BE0066: ShowMissingComponent: [F:Component1Assignment.DrawingCanvas.yCoordinate] Missing &lt;summary&gt; documentation
SHFB: Warning BE0066: ShowMissingComponent: [P:Component1Assignment.DrawingCanvas.YCoordinate] Missing &lt;summary&gt; documentation
SHFB: Warning BE0066: ShowMissingComponent: [F:Component1Assignment.DrawShapes.aboutToolStripMenuItem] Missing &lt;summary&gt; documentation
SHFB: Warning BE0066: ShowMissingComponent: [M:Component1Assignment.DrawShapes.aboutToolStripMenuItem_Click(System.Object,System.EventArgs)] Missing &lt;param name=&quot;sender&quot;/&gt; documentation
SHFB: Warning BE0066: ShowMissingComponent: [M:Component1Assignment.DrawShapes.aboutToolStripMenuItem_Click(System.Object,System.EventArgs)] Missing &lt;param name=&quot;e&quot;/&gt; documentation
SHFB: Warning BE0066: ShowMissingComponent: [M:Component1Assignment.DrawShapes.animateCanvasShapes(System.Int32,System.Int32)] Missing &lt;param name=&quot;x&quot;/&gt; documentation
SHFB: Warning BE0066: ShowMissingComponent: [M:Component1Assignment.DrawShapes.animateCanvasShapes(System.Int32,System.Int32)] Missing &lt;param name=&quot;y&quot;/&gt; documentation
SHFB: Warning BE0066: ShowMissingComponent: [F:Component1Assignment.DrawShapes.animateShapes] Missing &lt;summary&gt; documentation
SHFB: Warning BE0066: ShowMissingComponent: [F:Component1Assignment.DrawShapes.animateX] Missing &lt;summary&gt; documentation
SHFB: Warning BE0066: ShowMissingComponent: [F:Component1Assignment.DrawShapes.animateY] Missing &lt;summary&gt; documentation
SHFB: Warning BE0066: ShowMissingComponent: [F:Component1Assignment.DrawShapes.canvas] Missing &lt;summary&gt; documentation
SHFB: Warning BE0066: ShowMissingComponent: [M:Component1Assignment.DrawShapes.canvas_Paint(System.Object,System.Windows.Forms.PaintEventArgs)] Missing &lt;param name=&quot;sender&quot;/&gt; documentation
SHFB: Warning BE0066: ShowMissingComponent: [M:Component1Assignment.DrawShapes.canvas_Paint(System.Object,System.Windows.Forms.PaintEventArgs)] Missing &lt;param name=&quot;e&quot;/&gt; documentation
SHFB: Warning BE0066: ShowMissingComponent: [M:Component1Assignment.DrawShapes.changeColor(System.Drawing.Color)] Missing &lt;param name=&quot;newColor&quot;/&gt; documentation
SHFB: Warning BE0066: ShowMissingComponent: [F:Component1Assignment.DrawShapes.chkSyntaxBtn] Missing &lt;summary&gt; documentation
SHFB: Warning BE0066: ShowMissingComponent: [M:Component1Assignment.DrawShapes.chkSyntaxBtn_Click(System.Object,System.EventArgs)] Missing &lt;param name=&quot;sender&quot;/&gt; documentation
SHFB: Warning BE0066: ShowMissingComponent: [M:Component1Assignment.DrawShapes.chkSyntaxBtn_Click(System.Object,System.EventArgs)] Missing &lt;param name=&quot;e&quot;/&gt; documentation
SHFB: Warning BE0066: ShowMissingComponent: [F:Component1Assignment.DrawShapes.codeTextBox] Missing &lt;summary&gt; documentation
SHFB: Warning BE0066: ShowMissingComponent: [F:Component1Assignment.DrawShapes.color1] Missing &lt;summary&gt; documentation
SHFB: Warning BE0066: ShowMissingComponent: [F:Component1Assignment.DrawShapes.color2] Missing &lt;summary&gt; documentation
SHFB: Warning BE0066: ShowMissingComponent: [F:Component1Assignment.DrawShapes.commandLine] Missing &lt;summary&gt; documentation
SHFB: Warning BE0066: ShowMissingComponent: [M:Component1Assignment.DrawShapes.commandLine_KeyPress(System.Object,System.Windows.Forms.KeyPressEventArgs)] Missing &lt;param name=&quot;sender&quot;/&gt; documentation
SHFB: Warning BE0066: ShowMissingComponent: [M:Component1Assignment.DrawShapes.commandLine_KeyPress(System.Object,System.Windows.Forms.KeyPressEventArgs)] Missing &lt;param name=&quot;e&quot;/&gt; documentation
SHFB: Warning BE0066: ShowMissingComponent: [M:Component1Assignment.DrawShapes.displayErrorLogs(System.Collections.Generic.List{System.String})] Missing &lt;param name=&quot;datas&quot;/&gt; documentation
SHFB: Warning BE0066: ShowMissingComponent: [M:Component1Assignment.DrawShapes.displaySuccessMessage(System.String)] Missing &lt;param name=&quot;message&quot;/&gt; documentation
SHFB: Warning BE0066: ShowMissingComponent: [F:Component1Assignment.DrawShapes.drawingCanvas] Missing &lt;summary&gt; documentation
SHFB: Warning BE0066: ShowMissingComponent: [F:Component1Assignment.DrawShapes.executeBtn] Missing &lt;summary&gt; documentation
SHFB: Warning BE0066: ShowMissingComponent: [M:Component1Assignment.DrawShapes.executeBtn_Click(System.Object,System.EventArgs)] Missing &lt;param name=&quot;sender&quot;/&gt; documentation
SHFB: Warning BE0066: ShowMissingComponent: [M:Component1Assignment.DrawShapes.executeBtn_Click(System.Object,System.EventArgs)] Missing &lt;param name=&quot;e&quot;/&gt; documentation
SHFB: Warning BE0066: ShowMissingComponent: [F:Component1Assignment.DrawShapes.fileToolStripMenuItem] Missing &lt;summary&gt; documentation
SHFB: Warning BE0066: ShowMissingComponent: [F:Component1Assignment.DrawShapes.flag] Missing &lt;summary&gt; documentation
SHFB: Warning BE0066: ShowMissingComponent: [F:Component1Assignment.DrawShapes.g] Missing &lt;summary&gt; documentation
SHFB: Warning BE0066: ShowMissingComponent: [M:Component1Assignment.DrawShapes.generateFlash(System.Drawing.Color,System.Drawing.Color)] Missing &lt;param name=&quot;color1&quot;/&gt; documentation
SHFB: Warning BE0066: ShowMissingComponent: [M:Component1Assignment.DrawShapes.generateFlash(System.Drawing.Color,System.Drawing.Color)] Missing &lt;param name=&quot;color2&quot;/&gt; documentation
SHFB: Warning BE0066: ShowMissingComponent: [F:Component1Assignment.DrawShapes.helpToolStripMenuItem] Missing &lt;summary&gt; documentation
SHFB: Warning BE0066: ShowMissingComponent: [F:Component1Assignment.DrawShapes.infoToolStripMenuItem] Missing &lt;summary&gt; documentation
SHFB: Warning BE0066: ShowMissingComponent: [M:Component1Assignment.DrawShapes.infoToolStripMenuItem_Click(System.Object,System.EventArgs)] Missing &lt;param name=&quot;sender&quot;/&gt; documentation
SHFB: Warning BE0066: ShowMissingComponent: [M:Component1Assignment.DrawShapes.infoToolStripMenuItem_Click(System.Object,System.EventArgs)] Missing &lt;param name=&quot;e&quot;/&gt; documentation
SHFB: Warning BE0066: ShowMissingComponent: [F:Component1Assignment.DrawShapes.label1] Missing &lt;summary&gt; documentation
SHFB: Warning BE0066: ShowMissingComponent: [F:Component1Assignment.DrawShapes.label2] Missing &lt;summary&gt; documentation
SHFB: Warning BE0066: ShowMissingComponent: [F:Component1Assignment.DrawShapes.label3] Missing &lt;summary&gt; documentation
SHFB: Warning BE0066: ShowMissingComponent: [F:Component1Assignment.DrawShapes.label4] Missing &lt;summary&gt; documentation
SHFB: Warning BE0066: ShowMissingComponent: [F:Component1Assignment.DrawShapes.loadToolStripMenuItem] Missing &lt;summary&gt; documentation
SHFB: Warning BE0066: ShowMissingComponent: [M:Component1Assignment.DrawShapes.loadToolStripMenuItem_Click(System.Object,System.EventArgs)] Missing &lt;param name=&quot;sender&quot;/&gt; documentation
SHFB: Warning BE0066: ShowMissingComponent: [M:Component1Assignment.DrawShapes.loadToolStripMenuItem_Click(System.Object,System.EventArgs)] Missing &lt;param name=&quot;e&quot;/&gt; documentation
SHFB: Warning BE0066: ShowMissingComponent: [F:Component1Assignment.DrawShapes.Logs] Missing &lt;summary&gt; documentation
SHFB: Warning BE0066: ShowMissingComponent: [F:Component1Assignment.DrawShapes.logsTextBox] Missing &lt;summary&gt; documentation
SHFB: Warning BE0066: ShowMissingComponent: [F:Component1Assignment.DrawShapes.menuStrip1] Missing &lt;summary&gt; documentation
SHFB: Warning BE0066: ShowMissingComponent: [F:Component1Assignment.DrawShapes.newThread] Missing &lt;summary&gt; documentation
SHFB: Warning BE0066: ShowMissingComponent: [F:Component1Assignment.DrawShapes.overrideOrigins] Missing &lt;summary&gt; documentation
SHFB: Warning BE0066: ShowMissingComponent: [F:Component1Assignment.DrawShapes.overrideShapeColor] Missing &lt;summary&gt; documentation
SHFB: Warning BE0066: ShowMissingComponent: [F:Component1Assignment.DrawShapes.pointerLabel] Missing &lt;summary&gt; documentation
SHFB: Warning BE0066: ShowMissingComponent: [F:Component1Assignment.DrawShapes.running] Missing &lt;summary&gt; documentation
SHFB: Warning BE0066: ShowMissingComponent: [F:Component1Assignment.DrawShapes.saveToolStripMenuItem] Missing &lt;summary&gt; documentation
SHFB: Warning BE0066: ShowMissingComponent: [M:Component1Assignment.DrawShapes.saveToolStripMenuItem_Click(System.Object,System.EventArgs)] Missing &lt;param name=&quot;sender&quot;/&gt; documentation
SHFB: Warning BE0066: ShowMissingComponent: [M:Component1Assignment.DrawShapes.saveToolStripMenuItem_Click(System.Object,System.EventArgs)] Missing &lt;param name=&quot;e&quot;/&gt; documentation
SHFB: Warning BE0066: ShowMissingComponent: [F:Component1Assignment.DrawShapes.shapeCollection] Missing &lt;summary&gt; documentation
SHFB: Warning BE0066: ShowMissingComponent: [M:Component1Assignment.DrawShapes.shiftCanvasShapes(System.Int32,System.Int32)] Missing &lt;param name=&quot;x&quot;/&gt; documentation
SHFB: Warning BE0066: ShowMissingComponent: [M:Component1Assignment.DrawShapes.shiftCanvasShapes(System.Int32,System.Int32)] Missing &lt;param name=&quot;y&quot;/&gt; documentation
SHFB: Warning BE0066: ShowMissingComponent: [F:Component1Assignment.DrawShapes.shiftX] Missing &lt;summary&gt; documentation
SHFB: Warning BE0066: ShowMissingComponent: [F:Component1Assignment.DrawShapes.shiftY] Missing &lt;summary&gt; documentation
SHFB: Warning BE0066: ShowMissingComponent: [F:Component1Assignment.DrawShapes.syntaxInfo] Missing &lt;summary&gt; documentation
SHFB: Warning BE0066: ShowMissingComponent: [P:Component1Assignment.DrawShapes.SyntaxInfo] Missing &lt;summary&gt; documentation
SHFB: Warning BE0066: ShowMissingComponent: [M:Component1Assignment.ExcessLoopException.#ctor(System.String)] Missing &lt;param name=&quot;message&quot;/&gt; documentation
SHFB: Warning BE0066: ShowMissingComponent: [M:Component1Assignment.InvalidOpeningAndClosureException.#ctor(System.String)] Missing &lt;param name=&quot;message&quot;/&gt; documentation
SHFB: Warning BE0066: ShowMissingComponent: [M:Component1Assignment.InvalidVariableException.#ctor(System.String)] Missing &lt;param name=&quot;message&quot;/&gt; documentation
SHFB: Warning BE0066: ShowMissingComponent: [M:Component1Assignment.Iterator.#ctor(Component1Assignment.ConcreteCollection)] Missing &lt;param name=&quot;collection&quot;/&gt; documentation
SHFB: Warning BE0066: ShowMissingComponent: [F:Component1Assignment.Iterator.collection] Missing &lt;summary&gt; documentation
SHFB: Warning BE0066: ShowMissingComponent: [F:Component1Assignment.Iterator.current] Missing &lt;summary&gt; documentation
SHFB: Warning BE0066: ShowMissingComponent: [M:Component1Assignment.Iterator.First] Missing &lt;returns&gt; documentation
SHFB: Warning BE0066: ShowMissingComponent: [M:Component1Assignment.Iterator.Next] Missing &lt;returns&gt; documentation
SHFB: Warning BE0066: ShowMissingComponent: [F:Component1Assignment.Iterator.step] Missing &lt;summary&gt; documentation
SHFB: Warning BE0066: ShowMissingComponent: [M:Component1Assignment.Line.#ctor(Component1Assignment.DrawingCanvas,System.Int32,System.Int32)] Missing &lt;param name=&quot;_canvas&quot;/&gt; documentation
SHFB: Warning BE0066: ShowMissingComponent: [M:Component1Assignment.Line.#ctor(Component1Assignment.DrawingCanvas,System.Int32,System.Int32)] Missing &lt;param name=&quot;_x2&quot;/&gt; documentation
SHFB: Warning BE0066: ShowMissingComponent: [M:Component1Assignment.Line.#ctor(Component1Assignment.DrawingCanvas,System.Int32,System.Int32)] Missing &lt;param name=&quot;_y2&quot;/&gt; documentation
SHFB: Warning BE0066: ShowMissingComponent: [M:Component1Assignment.Line.draw(System.Drawing.Graphics)] Missing &lt;param name=&quot;g&quot;/&gt; documentation
SHFB: Warning BE0066: ShowMissingComponent: [M:Component1Assignment.Line.set(Component1Assignment.DrawingCanvas,System.Int32[])] Missing &lt;param name=&quot;_canvas&quot;/&gt; documentation
SHFB: Warning BE0066: ShowMissingComponent: [M:Component1Assignment.Line.set(Component1Assignment.DrawingCanvas,System.Int32[])] Missing &lt;param name=&quot;list&quot;/&gt; documentation
SHFB: Warning BE0066: ShowMissingComponent: [M:Component1Assignment.Line.ToString] Missing &lt;returns&gt; documentation
SHFB: Warning BE0066: ShowMissingComponent: [F:Component1Assignment.Line.x2] Missing &lt;summary&gt; documentation
SHFB: Warning BE0066: ShowMissingComponent: [F:Component1Assignment.Line.y2] Missing &lt;summary&gt; documentation
SHFB: Warning BE0066: ShowMissingComponent: [M:Component1Assignment.OperationsOverloadedException.#ctor(System.String)] Missing &lt;param name=&quot;message&quot;/&gt; documentation
SHFB: Warning BE0066: ShowMissingComponent: [T:Component1Assignment.Program] Missing &lt;summary&gt; documentation
SHFB: Warning BE0066: ShowMissingComponent: [M:Component1Assignment.Rectangle.#ctor(Component1Assignment.DrawingCanvas,System.Int32,System.Int32)] Missing &lt;param name=&quot;_canvas&quot;/&gt; documentation
SHFB: Warning BE0066: ShowMissingComponent: [M:Component1Assignment.Rectangle.#ctor(Component1Assignment.DrawingCanvas,System.Int32,System.Int32)] Missing &lt;param name=&quot;width&quot;/&gt; documentation
SHFB: Warning BE0066: ShowMissingComponent: [M:Component1Assignment.Rectangle.#ctor(Component1Assignment.DrawingCanvas,System.Int32,System.Int32)] Missing &lt;param name=&quot;height&quot;/&gt; documentation
SHFB: Warning BE0066: ShowMissingComponent: [M:Component1Assignment.Rectangle.draw(System.Drawing.Graphics)] Missing &lt;param name=&quot;g&quot;/&gt; documentation
SHFB: Warning BE0066: ShowMissingComponent: [F:Component1Assignment.Rectangle.height] Missing &lt;summary&gt; documentation
SHFB: Warning BE0066: ShowMissingComponent: [M:Component1Assignment.Rectangle.set(Component1Assignment.DrawingCanvas,System.Int32[])] Missing &lt;param name=&quot;_canvas&quot;/&gt; documentation
SHFB: Warning BE0066: ShowMissingComponent: [M:Component1Assignment.Rectangle.set(Component1Assignment.DrawingCanvas,System.Int32[])] Missing &lt;param name=&quot;list&quot;/&gt; documentation
SHFB: Warning BE0066: ShowMissingComponent: [F:Component1Assignment.Rectangle.width] Missing &lt;summary&gt; documentation
SHFB: Warning BE0066: ShowMissingComponent: [T:Component1Assignment.Shape] Missing &lt;summary&gt; documentation
SHFB: Warning BE0066: ShowMissingComponent: [M:Component1Assignment.Shape.#ctor(Component1Assignment.DrawingCanvas)] Missing &lt;param name=&quot;_canvas&quot;/&gt; documentation
SHFB: Warning BE0066: ShowMissingComponent: [M:Component1Assignment.Shape.draw(System.Drawing.Graphics)] Missing &lt;summary&gt; documentation
SHFB: Warning BE0066: ShowMissingComponent: [M:Component1Assignment.Shape.draw(System.Drawing.Graphics)] Missing &lt;param name=&quot;g&quot;/&gt; documentation
SHFB: Warning BE0066: ShowMissingComponent: [F:Component1Assignment.Shape.fillcolor] Missing &lt;summary&gt; documentation
SHFB: Warning BE0066: ShowMissingComponent: [F:Component1Assignment.Shape.penColor] Missing &lt;summary&gt; documentation
SHFB: Warning BE0066: ShowMissingComponent: [M:Component1Assignment.Shape.set(Component1Assignment.DrawingCanvas,System.Int32[])] Missing &lt;summary&gt; documentation
SHFB: Warning BE0066: ShowMissingComponent: [M:Component1Assignment.Shape.set(Component1Assignment.DrawingCanvas,System.Int32[])] Missing &lt;param name=&quot;_canvas&quot;/&gt; documentation
SHFB: Warning BE0066: ShowMissingComponent: [M:Component1Assignment.Shape.set(Component1Assignment.DrawingCanvas,System.Int32[])] Missing &lt;param name=&quot;list&quot;/&gt; documentation
SHFB: Warning BE0066: ShowMissingComponent: [M:Component1Assignment.Shape.setColor(System.Drawing.Color,System.Drawing.Color)] Missing &lt;param name=&quot;penColor&quot;/&gt; documentation
SHFB: Warning BE0066: ShowMissingComponent: [M:Component1Assignment.Shape.setColor(System.Drawing.Color,System.Drawing.Color)] Missing &lt;param name=&quot;fillColor&quot;/&gt; documentation
SHFB: Warning BE0066: ShowMissingComponent: [F:Component1Assignment.Shape.shapeParams] Missing &lt;summary&gt; documentation
SHFB: Warning BE0066: ShowMissingComponent: [P:Component1Assignment.Shape.ShapeParams] Missing &lt;summary&gt; documentation
SHFB: Warning BE0066: ShowMissingComponent: [M:Component1Assignment.Shape.shiftOrigin(System.Int32,System.Int32)] Missing &lt;param name=&quot;x&quot;/&gt; documentation
SHFB: Warning BE0066: ShowMissingComponent: [M:Component1Assignment.Shape.shiftOrigin(System.Int32,System.Int32)] Missing &lt;param name=&quot;y&quot;/&gt; documentation
SHFB: Warning BE0066: ShowMissingComponent: [M:Component1Assignment.Shape.ToString] Missing &lt;summary&gt; documentation
SHFB: Warning BE0066: ShowMissingComponent: [M:Component1Assignment.Shape.ToString] Missing &lt;returns&gt; documentation
SHFB: Warning BE0066: ShowMissingComponent: [F:Component1Assignment.Shape.x] Missing &lt;summary&gt; documentation
SHFB: Warning BE0066: ShowMissingComponent: [F:Component1Assignment.Shape.y] Missing &lt;summary&gt; documentation
SHFB: Warning BE0066: ShowMissingComponent: [T:Component1Assignment.ShapeFactory] Missing &lt;summary&gt; documentation
SHFB: Warning BE0066: ShowMissingComponent: [M:Component1Assignment.ShapeFactory.getShape(System.String)] Missing &lt;returns&gt; documentation
SHFB: Warning BE0066: ShowMissingComponent: [M:Component1Assignment.ShapeFactory.getShape(System.String)] Missing &lt;param name=&quot;shapeType&quot;/&gt; documentation
SHFB: Warning BE0066: ShowMissingComponent: [T:Component1Assignment.ShapesGroup.Shapes] Missing &lt;summary&gt; documentation
SHFB: Warning BE0066: ShowMissingComponent: [M:Component1Assignment.ShapesGroup.Shapes.draw(System.Drawing.Graphics)] Missing &lt;summary&gt; documentation
SHFB: Warning BE0066: ShowMissingComponent: [M:Component1Assignment.ShapesGroup.Shapes.draw(System.Drawing.Graphics)] Missing &lt;param name=&quot;g&quot;/&gt; documentation
SHFB: Warning BE0066: ShowMissingComponent: [M:Component1Assignment.ShapesGroup.Shapes.set(System.Drawing.Color)] Missing &lt;summary&gt; documentation
SHFB: Warning BE0066: ShowMissingComponent: [M:Component1Assignment.ShapesGroup.Shapes.set(System.Drawing.Color)] Missing &lt;param name=&quot;c&quot;/&gt; documentation
SHFB: Warning BE0066: ShowMissingComponent: [M:Component1Assignment.Triangle.#ctor(Component1Assignment.DrawingCanvas,System.Drawing.Point,System.Drawing.Point)] Missing &lt;param name=&quot;_canvas&quot;/&gt; documentation
SHFB: Warning BE0066: ShowMissingComponent: [M:Component1Assignment.Triangle.#ctor(Component1Assignment.DrawingCanvas,System.Drawing.Point,System.Drawing.Point)] Missing &lt;param name=&quot;p1&quot;/&gt; documentation
SHFB: Warning BE0066: ShowMissingComponent: [M:Component1Assignment.Triangle.#ctor(Component1Assignment.DrawingCanvas,System.Drawing.Point,System.Drawing.Point)] Missing &lt;param name=&quot;p2&quot;/&gt; documentation
SHFB: Warning BE0066: ShowMissingComponent: [M:Component1Assignment.Triangle.draw(System.Drawing.Graphics)] Missing &lt;param name=&quot;g&quot;/&gt; documentation
SHFB: Warning BE0066: ShowMissingComponent: [F:Component1Assignment.Triangle.point1] Missing &lt;summary&gt; documentation
SHFB: Warning BE0066: ShowMissingComponent: [F:Component1Assignment.Triangle.point2] Missing &lt;summary&gt; documentation
SHFB: Warning BE0066: ShowMissingComponent: [M:Component1Assignment.Triangle.set(Component1Assignment.DrawingCanvas,System.Int32[])] Missing &lt;param name=&quot;_canvas&quot;/&gt; documentation
SHFB: Warning BE0066: ShowMissingComponent: [M:Component1Assignment.Triangle.set(Component1Assignment.DrawingCanvas,System.Int32[])] Missing &lt;param name=&quot;list&quot;/&gt; documentation
SHFB: Warning BE0066: ShowMissingComponent: [M:Component1Assignment.Triangle.shiftOrigin(System.Int32,System.Int32)] Missing &lt;param name=&quot;x&quot;/&gt; documentation
SHFB: Warning BE0066: ShowMissingComponent: [M:Component1Assignment.Triangle.shiftOrigin(System.Int32,System.Int32)] Missing &lt;param name=&quot;y&quot;/&gt; documentation
SHFB: Warning BE0066: ShowMissingComponent: [M:Component1Assignment.Triangle.ToString] Missing &lt;returns&gt; documentation
Processed 252 topic(s)
235 warning(s)
CopyFromIndexComponent: &quot;reflection&quot; in-memory cache entries used: 7 of 15.
CopyFromIndexComponent: &quot;comments&quot; in-memory cache entries used: 1 of 30.
ResolveReferenceLinksComponent: 1 entries added to the member ID URL cache.  New cache size: 31 entries
<plugIn name="Website Table of Contents Generator" behavior="After" priority="1000">
Generating TOC fragment files
</plugIn>    Last step completed in 00:00:09.2349
</buildStep>
<buildStep step="CopyStandardHelpContent">
Copying standard help content...
C:\Program Files (x86)\EWSoftware\Sandcastle Help File Builder\Components\Default2022\css\bulma.css -&gt; C:\Users\AnJaN\Desktop\77261145_ASE FinalAssignment\new web documentation\Working\Output\Website\css\bulma.css
C:\Program Files (x86)\EWSoftware\Sandcastle Help File Builder\Components\Default2022\css\bulma.css.map -&gt; C:\Users\AnJaN\Desktop\77261145_ASE FinalAssignment\new web documentation\Working\Output\Website\css\bulma.css.map
C:\Program Files (x86)\EWSoftware\Sandcastle Help File Builder\Components\Default2022\css\bulma.min.css -&gt; C:\Users\AnJaN\Desktop\77261145_ASE FinalAssignment\new web documentation\Working\Output\Website\css\bulma.min.css
C:\Program Files (x86)\EWSoftware\Sandcastle Help File Builder\Components\Default2022\css\font-awesome.css -&gt; C:\Users\AnJaN\Desktop\77261145_ASE FinalAssignment\new web documentation\Working\Output\Website\css\font-awesome.css
C:\Program Files (x86)\EWSoftware\Sandcastle Help File Builder\Components\Default2022\css\font-awesome.min.css -&gt; C:\Users\AnJaN\Desktop\77261145_ASE FinalAssignment\new web documentation\Working\Output\Website\css\font-awesome.min.css
C:\Program Files (x86)\EWSoftware\Sandcastle Help File Builder\Components\Default2022\css\ja-JP.css -&gt; C:\Users\AnJaN\Desktop\77261145_ASE FinalAssignment\new web documentation\Working\Output\Website\css\ja-JP.css
C:\Program Files (x86)\EWSoftware\Sandcastle Help File Builder\Components\Default2022\css\ko-KR.css -&gt; C:\Users\AnJaN\Desktop\77261145_ASE FinalAssignment\new web documentation\Working\Output\Website\css\ko-KR.css
C:\Program Files (x86)\EWSoftware\Sandcastle Help File Builder\Components\Default2022\css\presentationStyle.css -&gt; C:\Users\AnJaN\Desktop\77261145_ASE FinalAssignment\new web documentation\Working\Output\Website\css\presentationStyle.css
C:\Program Files (x86)\EWSoftware\Sandcastle Help File Builder\Components\Default2022\css\vs.min.css -&gt; C:\Users\AnJaN\Desktop\77261145_ASE FinalAssignment\new web documentation\Working\Output\Website\css\vs.min.css
C:\Program Files (x86)\EWSoftware\Sandcastle Help File Builder\Components\Default2022\css\zh-CN.css -&gt; C:\Users\AnJaN\Desktop\77261145_ASE FinalAssignment\new web documentation\Working\Output\Website\css\zh-CN.css
C:\Program Files (x86)\EWSoftware\Sandcastle Help File Builder\Components\Default2022\css\zh-TW.css -&gt; C:\Users\AnJaN\Desktop\77261145_ASE FinalAssignment\new web documentation\Working\Output\Website\css\zh-TW.css
C:\Program Files (x86)\EWSoftware\Sandcastle Help File Builder\Components\Default2022\icons\favicon.ico -&gt; C:\Users\AnJaN\Desktop\77261145_ASE FinalAssignment\new web documentation\Working\Output\Website\icons\favicon.ico
C:\Program Files (x86)\EWSoftware\Sandcastle Help File Builder\Components\Default2022\scripts\clipboard.min.js -&gt; C:\Users\AnJaN\Desktop\77261145_ASE FinalAssignment\new web documentation\Working\Output\Website\scripts\clipboard.min.js
C:\Program Files (x86)\EWSoftware\Sandcastle Help File Builder\Components\Default2022\scripts\highlight.min.js -&gt; C:\Users\AnJaN\Desktop\77261145_ASE FinalAssignment\new web documentation\Working\Output\Website\scripts\highlight.min.js
C:\Program Files (x86)\EWSoftware\Sandcastle Help File Builder\Components\Default2022\scripts\jquery-3.5.1.min.js -&gt; C:\Users\AnJaN\Desktop\77261145_ASE FinalAssignment\new web documentation\Working\Output\Website\scripts\jquery-3.5.1.min.js
C:\Program Files (x86)\EWSoftware\Sandcastle Help File Builder\Components\Default2022\scripts\presentationStyle.js -&gt; C:\Users\AnJaN\Desktop\77261145_ASE FinalAssignment\new web documentation\Working\Output\Website\scripts\presentationStyle.js
C:\Program Files (x86)\EWSoftware\Sandcastle Help File Builder\Components\Default2022\webfonts\fa-brands-400.ttf -&gt; C:\Users\AnJaN\Desktop\77261145_ASE FinalAssignment\new web documentation\Working\Output\Website\webfonts\fa-brands-400.ttf
C:\Program Files (x86)\EWSoftware\Sandcastle Help File Builder\Components\Default2022\webfonts\fa-brands-400.woff2 -&gt; C:\Users\AnJaN\Desktop\77261145_ASE FinalAssignment\new web documentation\Working\Output\Website\webfonts\fa-brands-400.woff2
C:\Program Files (x86)\EWSoftware\Sandcastle Help File Builder\Components\Default2022\webfonts\fa-regular-400.ttf -&gt; C:\Users\AnJaN\Desktop\77261145_ASE FinalAssignment\new web documentation\Working\Output\Website\webfonts\fa-regular-400.ttf
C:\Program Files (x86)\EWSoftware\Sandcastle Help File Builder\Components\Default2022\webfonts\fa-regular-400.woff2 -&gt; C:\Users\AnJaN\Desktop\77261145_ASE FinalAssignment\new web documentation\Working\Output\Website\webfonts\fa-regular-400.woff2
C:\Program Files (x86)\EWSoftware\Sandcastle Help File Builder\Components\Default2022\webfonts\fa-solid-900.ttf -&gt; C:\Users\AnJaN\Desktop\77261145_ASE FinalAssignment\new web documentation\Working\Output\Website\webfonts\fa-solid-900.ttf
C:\Program Files (x86)\EWSoftware\Sandcastle Help File Builder\Components\Default2022\webfonts\fa-solid-900.woff2 -&gt; C:\Users\AnJaN\Desktop\77261145_ASE FinalAssignment\new web documentation\Working\Output\Website\webfonts\fa-solid-900.woff2
C:\Program Files (x86)\EWSoftware\Sandcastle Help File Builder\Components\Default2022\webfonts\fa-v4compatibility.ttf -&gt; C:\Users\AnJaN\Desktop\77261145_ASE FinalAssignment\new web documentation\Working\Output\Website\webfonts\fa-v4compatibility.ttf
C:\Program Files (x86)\EWSoftware\Sandcastle Help File Builder\Components\Default2022\webfonts\fa-v4compatibility.woff2 -&gt; C:\Users\AnJaN\Desktop\77261145_ASE FinalAssignment\new web documentation\Working\Output\Website\webfonts\fa-v4compatibility.woff2
C:\Program Files (x86)\EWSoftware\Sandcastle Help File Builder\Components\Default2022\RootWebsiteContent\GeneralError.html -&gt; C:\Users\AnJaN\Desktop\77261145_ASE FinalAssignment\new web documentation\Working\Output\Website\GeneralError.html
C:\Program Files (x86)\EWSoftware\Sandcastle Help File Builder\Components\Default2022\RootWebsiteContent\index.html -&gt; C:\Users\AnJaN\Desktop\77261145_ASE FinalAssignment\new web documentation\Working\Output\Website\index.html
C:\Program Files (x86)\EWSoftware\Sandcastle Help File Builder\Components\Default2022\RootWebsiteContent\PageNotFound.html -&gt; C:\Users\AnJaN\Desktop\77261145_ASE FinalAssignment\new web documentation\Working\Output\Website\PageNotFound.html
C:\Program Files (x86)\EWSoftware\Sandcastle Help File Builder\Components\Default2022\RootWebsiteContent\search.html -&gt; C:\Users\AnJaN\Desktop\77261145_ASE FinalAssignment\new web documentation\Working\Output\Website\search.html
C:\Program Files (x86)\EWSoftware\Sandcastle Help File Builder\Components\Default2022\RootWebsiteContent\SearchHelp.aspx -&gt; C:\Users\AnJaN\Desktop\77261145_ASE FinalAssignment\new web documentation\Working\Output\Website\SearchHelp.aspx
C:\Program Files (x86)\EWSoftware\Sandcastle Help File Builder\Components\Default2022\RootWebsiteContent\SearchHelp.inc.php -&gt; C:\Users\AnJaN\Desktop\77261145_ASE FinalAssignment\new web documentation\Working\Output\Website\SearchHelp.inc.php
C:\Program Files (x86)\EWSoftware\Sandcastle Help File Builder\Components\Default2022\RootWebsiteContent\SearchHelp.php -&gt; C:\Users\AnJaN\Desktop\77261145_ASE FinalAssignment\new web documentation\Working\Output\Website\SearchHelp.php
C:\Program Files (x86)\EWSoftware\Sandcastle Help File Builder\Components\Default2022\RootWebsiteContent\Web.Config -&gt; C:\Users\AnJaN\Desktop\77261145_ASE FinalAssignment\new web documentation\Working\Output\Website\Web.Config
    Last step completed in 00:00:00.1745
</buildStep>
<buildStep step="GenerateFullTextIndex">
Generating full-text index for the website...

    Last step completed in 00:00:00.3761
</buildStep>
<buildStep step="CopyingWebsiteFiles">
Copying website files to output folder...

Copied 368 files for the website content
    Last step completed in 00:00:01.0530
</buildStep>
<buildStep step="CleanIntermediates">
Removing intermediate files...
    Last step completed in 00:00:00.0768
</buildStep>
<buildStep step="Completed">

Build completed successfully at 1/15/2023 10:41:22 AM.  Total time: 00:00:12.9011

</buildStep>
</shfbBuild>
